2024-03-04 16:54:39 INFO  DriverFactory:137 - Test running on :null
2024-03-04 16:54:39 WARN  DriverFactory:142 - Test are running on default enviounment because env is:null
2024-03-04 16:54:39 INFO  DriverFactory:170 - {headless=false, highlight=false, password=8799978313, browser=chrome, browserVersion=, incognito=false, testname=, remote=false, userId=biradaryogesh02@gmail.com, huburl=http://65.2.11.179:4444/wd/hub  , url=https://naveenautomationlabs.com/opencart/index.php?route=account/login}
2024-03-04 16:54:39 INFO  DriverFactory:44 - The browser name is : chrome
2024-03-04 16:54:39 INFO  DriverFactory:49 - Running it on remote chrome browser
2024-03-04 16:54:39 INFO  DriverFactory:53 - Running it on local chrome browser
2024-03-04 16:54:47 DEBUG InternalLoggerFactory:76 - Using Log4J2 as the default logging framework
2024-03-04 16:54:48 DEBUG ResourceLeakDetector:129 - -Dio.netty.leakDetection.level: simple
2024-03-04 16:54:48 DEBUG ResourceLeakDetector:130 - -Dio.netty.leakDetection.targetRecords: 4
2024-03-04 16:54:48 DEBUG ResourceLeakDetectorFactory:196 - Loaded default ResourceLeakDetector: io.netty.util.ResourceLeakDetector@7b6647ed
2024-03-04 16:54:48 DEBUG PlatformDependent0:497 - -Dio.netty.noUnsafe: false
2024-03-04 16:54:48 DEBUG PlatformDependent0:1001 - Java version: 11
2024-03-04 16:54:48 DEBUG PlatformDependent0:137 - sun.misc.Unsafe.theUnsafe: available
2024-03-04 16:54:48 DEBUG PlatformDependent0:161 - sun.misc.Unsafe.copyMemory: available
2024-03-04 16:54:48 DEBUG PlatformDependent0:193 - sun.misc.Unsafe.storeFence: available
2024-03-04 16:54:48 DEBUG PlatformDependent0:236 - java.nio.Buffer.address: available
2024-03-04 16:54:48 DEBUG PlatformDependent0:321 - direct buffer constructor: unavailable: Reflective setAccessible(true) disabled
2024-03-04 16:54:48 DEBUG PlatformDependent0:386 - java.nio.Bits.unaligned: available, true
2024-03-04 16:54:48 DEBUG PlatformDependent0:453 - jdk.internal.misc.Unsafe.allocateUninitializedArray(int): unavailable: class io.netty.util.internal.PlatformDependent0$7 cannot access class jdk.internal.misc.Unsafe (in module java.base) because module java.base does not export jdk.internal.misc to unnamed module @5e853265
2024-03-04 16:54:48 DEBUG PlatformDependent0:483 - java.nio.DirectByteBuffer.<init>(long, {int,long}): unavailable
2024-03-04 16:54:48 DEBUG PlatformDependent:1159 - sun.misc.Unsafe: available
2024-03-04 16:54:48 DEBUG PlatformDependent:1270 - maxDirectMemory: 2122317824 bytes (maybe)
2024-03-04 16:54:48 DEBUG PlatformDependent:1289 - -Dio.netty.tmpdir: C:\Users\MANGES~1\AppData\Local\Temp (java.io.tmpdir)
2024-03-04 16:54:48 DEBUG PlatformDependent:1368 - -Dio.netty.bitMode: 64 (sun.arch.data.model)
2024-03-04 16:54:48 DEBUG PlatformDependent:1119 - Platform: Windows
2024-03-04 16:54:48 DEBUG PlatformDependent:178 - -Dio.netty.maxDirectMemory: -1 bytes
2024-03-04 16:54:48 DEBUG PlatformDependent:185 - -Dio.netty.uninitializedArrayAllocationThreshold: -1
2024-03-04 16:54:48 DEBUG CleanerJava9:71 - java.nio.ByteBuffer.cleaner(): available
2024-03-04 16:54:48 DEBUG PlatformDependent:205 - -Dio.netty.noPreferDirect: false
2024-03-04 16:54:48 DEBUG PlatformDependent:1010 - org.jctools-core.MpscChunkedArrayQueue: available
2024-03-04 16:54:49 DEBUG InternalThreadLocalMap:100 - -Dio.netty.threadLocalMap.stringBuilder.initialSize: 1024
2024-03-04 16:54:49 DEBUG InternalThreadLocalMap:101 - -Dio.netty.threadLocalMap.stringBuilder.maxSize: 4096
2024-03-04 16:54:50 DEBUG JdkSslContext:83 - Default protocols (JDK): [TLSv1.3, TLSv1.2] 
2024-03-04 16:54:50 DEBUG JdkSslContext:84 - Default cipher suites (JDK): [TLS_ECDHE_ECDSA_WITH_AES_256_GCM_SHA384, TLS_ECDHE_ECDSA_WITH_AES_128_GCM_SHA256, TLS_ECDHE_RSA_WITH_AES_128_GCM_SHA256, TLS_ECDHE_RSA_WITH_AES_256_GCM_SHA384, TLS_ECDHE_RSA_WITH_AES_128_CBC_SHA, TLS_ECDHE_RSA_WITH_AES_256_CBC_SHA, TLS_RSA_WITH_AES_128_GCM_SHA256, TLS_RSA_WITH_AES_128_CBC_SHA, TLS_RSA_WITH_AES_256_CBC_SHA, TLS_AES_128_GCM_SHA256, TLS_AES_256_GCM_SHA384]
2024-03-04 16:54:50 DEBUG GlobalEventExecutor:53 - -Dio.netty.globalEventExecutor.quietPeriodSeconds: 1
2024-03-04 16:54:50 DEBUG MultithreadEventLoopGroup:44 - -Dio.netty.eventLoopThreads: 8
2024-03-04 16:54:50 DEBUG NioEventLoop:110 - -Dio.netty.noKeySetOptimization: false
2024-03-04 16:54:50 DEBUG NioEventLoop:111 - -Dio.netty.selectorAutoRebuildThreshold: 512
2024-03-04 16:54:51 DEBUG PooledByteBufAllocator:157 - -Dio.netty.allocator.numHeapArenas: 8
2024-03-04 16:54:51 DEBUG PooledByteBufAllocator:158 - -Dio.netty.allocator.numDirectArenas: 8
2024-03-04 16:54:51 DEBUG PooledByteBufAllocator:160 - -Dio.netty.allocator.pageSize: 8192
2024-03-04 16:54:51 DEBUG PooledByteBufAllocator:165 - -Dio.netty.allocator.maxOrder: 9
2024-03-04 16:54:51 DEBUG PooledByteBufAllocator:169 - -Dio.netty.allocator.chunkSize: 4194304
2024-03-04 16:54:51 DEBUG PooledByteBufAllocator:170 - -Dio.netty.allocator.smallCacheSize: 256
2024-03-04 16:54:51 DEBUG PooledByteBufAllocator:171 - -Dio.netty.allocator.normalCacheSize: 64
2024-03-04 16:54:51 DEBUG PooledByteBufAllocator:172 - -Dio.netty.allocator.maxCachedBufferCapacity: 32768
2024-03-04 16:54:51 DEBUG PooledByteBufAllocator:173 - -Dio.netty.allocator.cacheTrimInterval: 8192
2024-03-04 16:54:51 DEBUG PooledByteBufAllocator:174 - -Dio.netty.allocator.cacheTrimIntervalMillis: 0
2024-03-04 16:54:51 DEBUG PooledByteBufAllocator:175 - -Dio.netty.allocator.useCacheForAllThreads: false
2024-03-04 16:54:51 DEBUG PooledByteBufAllocator:176 - -Dio.netty.allocator.maxCachedByteBuffersPerChunk: 1023
2024-03-04 16:54:51 DEBUG ByteBufUtil:89 - -Dio.netty.allocator.type: pooled
2024-03-04 16:54:51 DEBUG ByteBufUtil:98 - -Dio.netty.threadLocalDirectBufferSize: 0
2024-03-04 16:54:51 DEBUG ByteBufUtil:101 - -Dio.netty.maxThreadLocalCharBufferSize: 16384
2024-03-04 16:54:53 DEBUG DefaultChannelId:79 - -Dio.netty.processId: 9372 (auto-detected)
2024-03-04 16:54:53 DEBUG NetUtil:148 - -Djava.net.preferIPv4Stack: false
2024-03-04 16:54:53 DEBUG NetUtil:149 - -Djava.net.preferIPv6Addresses: false
2024-03-04 16:54:53 DEBUG NetUtilInitializations:145 - Loopback interface: lo (Software Loopback Interface 1, 127.0.0.1)
2024-03-04 16:54:53 DEBUG NetUtil:206 - Failed to get SOMAXCONN from sysctl and file \proc\sys\net\core\somaxconn. Default: 200
2024-03-04 16:54:53 DEBUG DefaultChannelId:101 - -Dio.netty.machineId: 58:00:e3:ff:fe:d6:21:f1 (auto-detected)
2024-03-04 16:54:53 DEBUG AbstractByteBuf:63 - -Dio.netty.buffer.checkAccessible: true
2024-03-04 16:54:53 DEBUG AbstractByteBuf:64 - -Dio.netty.buffer.checkBounds: true
2024-03-04 16:54:53 DEBUG ResourceLeakDetectorFactory:196 - Loaded default ResourceLeakDetector: io.netty.util.ResourceLeakDetector@629efece
2024-03-04 16:54:54 DEBUG Recycler:96 - -Dio.netty.recycler.maxCapacityPerThread: 4096
2024-03-04 16:54:54 DEBUG Recycler:97 - -Dio.netty.recycler.ratio: 8
2024-03-04 16:54:54 DEBUG Recycler:98 - -Dio.netty.recycler.chunkSize: 32
2024-03-04 16:54:54 DEBUG Recycler:99 - -Dio.netty.recycler.blocking: false
2024-03-04 16:54:54 DEBUG Recycler:100 - -Dio.netty.recycler.batchFastThreadLocalOnly: true
2024-03-04 16:55:03 DEBUG Brotli:38 - brotli4j not in the classpath; Brotli support will be unavailable.
2024-03-04 16:55:04 DEBUG ThreadLocalRandom:214 - -Dio.netty.initialSeedUniquifier: 0x1ed2bcf3107151f0
2024-03-04 16:55:11 INFO  LoginPage:32 - Login page title :" + title
2024-03-04 16:55:12 INFO  LoginPage:40 - Login page Url : https://naveenautomationlabs.com/opencart/index.php?route=account/login
2024-03-04 16:55:12 INFO  LoginPage:55 - Username: biradaryogesh02@gmail.compassword :8799978313
2024-03-04 16:55:14 INFO  LoginPage:60 - user logged in
